{"C:\\Users\\FlowUP\\Desktop\\Dev\\brainleaf\\backend\\src\\modules\\files.schemas.ts": {"path":"C:\\Users\\FlowUP\\Desktop\\Dev\\brainleaf\\backend\\src\\modules\\files.schemas.ts","statementMap":{"0":{"start":{"line":3,"column":22},"end":{"line":3,"column":null}},"1":{"start":{"line":5,"column":19},"end":{"line":30,"column":2}},"2":{"start":{"line":32,"column":32},"end":{"line":36,"column":2}},"3":{"start":{"line":38,"column":31},"end":{"line":41,"column":2}},"4":{"start":{"line":43,"column":32},"end":{"line":45,"column":2}},"5":{"start":{"line":47,"column":39},"end":{"line":47,"column":null}},"6":{"start":{"line":49,"column":38},"end":{"line":55,"column":2}}},"fnMap":{},"branchMap":{},"s":{"0":1,"1":1,"2":1,"3":1,"4":1,"5":1,"6":1},"f":{},"b":{},"meta":{"lastBranch":0,"lastFunction":0,"lastStatement":7,"seen":{"s:3:22:3:Infinity":0,"s:5:19:30:2":1,"s:32:32:36:2":2,"s:38:31:41:2":3,"s:43:32:45:2":4,"s:47:39:47:Infinity":5,"s:49:38:55:2":6}}}
,"C:\\Users\\FlowUP\\Desktop\\Dev\\brainleaf\\backend\\src\\services\\files.service.ts": {"path":"C:\\Users\\FlowUP\\Desktop\\Dev\\brainleaf\\backend\\src\\services\\files.service.ts","statementMap":{"0":{"start":{"line":1,"column":27},"end":{"line":1,"column":null}},"1":{"start":{"line":26,"column":14},"end":{"line":26,"column":26}},"2":{"start":{"line":28,"column":20},"end":{"line":28,"column":null}},"3":{"start":{"line":30,"column":2},"end":{"line":50,"column":null}},"4":{"start":{"line":31,"column":17},"end":{"line":31,"column":92}},"5":{"start":{"line":32,"column":4},"end":{"line":32,"column":null}},"6":{"start":{"line":34,"column":4},"end":{"line":34,"column":null}},"7":{"start":{"line":36,"column":4},"end":{"line":36,"column":null}},"8":{"start":{"line":38,"column":4},"end":{"line":38,"column":null}},"9":{"start":{"line":40,"column":4},"end":{"line":47,"column":null}},"10":{"start":{"line":41,"column":6},"end":{"line":47,"column":null}},"11":{"start":{"line":42,"column":8},"end":{"line":42,"column":null}},"12":{"start":{"line":44,"column":8},"end":{"line":47,"column":null}},"13":{"start":{"line":50,"column":4},"end":{"line":50,"column":null}},"14":{"start":{"line":60,"column":22},"end":{"line":60,"column":null}},"15":{"start":{"line":62,"column":2},"end":{"line":88,"column":null}},"16":{"start":{"line":63,"column":17},"end":{"line":63,"column":47}},"17":{"start":{"line":65,"column":4},"end":{"line":68,"column":null}},"18":{"start":{"line":66,"column":6},"end":{"line":68,"column":null}},"19":{"start":{"line":71,"column":21},"end":{"line":71,"column":45}},"20":{"start":{"line":72,"column":4},"end":{"line":72,"column":null}},"21":{"start":{"line":74,"column":4},"end":{"line":74,"column":null}},"22":{"start":{"line":76,"column":4},"end":{"line":76,"column":null}},"23":{"start":{"line":78,"column":4},"end":{"line":86,"column":null}},"24":{"start":{"line":79,"column":6},"end":{"line":80,"column":null}},"25":{"start":{"line":80,"column":8},"end":{"line":80,"column":null}},"26":{"start":{"line":83,"column":6},"end":{"line":86,"column":null}},"27":{"start":{"line":88,"column":4},"end":{"line":88,"column":null}},"28":{"start":{"line":93,"column":23},"end":{"line":93,"column":53}},"29":{"start":{"line":95,"column":2},"end":{"line":98,"column":null}},"30":{"start":{"line":96,"column":4},"end":{"line":98,"column":null}},"31":{"start":{"line":101,"column":22},"end":{"line":101,"column":59}},"32":{"start":{"line":102,"column":24},"end":{"line":102,"column":63}},"33":{"start":{"line":104,"column":2},"end":{"line":104,"column":null}},"34":{"start":{"line":115,"column":2},"end":{"line":130,"column":null}},"35":{"start":{"line":116,"column":24},"end":{"line":116,"column":79}},"36":{"start":{"line":117,"column":26},"end":{"line":117,"column":70}},"37":{"start":{"line":119,"column":4},"end":{"line":119,"column":null}},"38":{"start":{"line":121,"column":4},"end":{"line":121,"column":null}},"39":{"start":{"line":123,"column":4},"end":{"line":130,"column":null}},"40":{"start":{"line":124,"column":6},"end":{"line":124,"column":null}},"41":{"start":{"line":126,"column":6},"end":{"line":129,"column":null}},"42":{"start":{"line":130,"column":6},"end":{"line":130,"column":null}}},"fnMap":{"0":{"name":"uploadUserFile","decl":{"start":{"line":19,"column":22},"end":{"line":19,"column":null}},"loc":{"start":{"line":25,"column":2},"end":{"line":50,"column":null}},"line":25},"1":{"name":"deleteUserFile","decl":{"start":{"line":54,"column":22},"end":{"line":54,"column":null}},"loc":{"start":{"line":59,"column":2},"end":{"line":88,"column":null}},"line":59},"2":{"name":"getUserFile","decl":{"start":{"line":92,"column":22},"end":{"line":92,"column":34}},"loc":{"start":{"line":92,"column":88},"end":{"line":104,"column":null}},"line":92},"3":{"name":"insertWorkerResult","decl":{"start":{"line":107,"column":22},"end":{"line":107,"column":null}},"loc":{"start":{"line":114,"column":2},"end":{"line":130,"column":null}},"line":114}},"branchMap":{"0":{"loc":{"start":{"line":40,"column":4},"end":{"line":47,"column":null}},"type":"if","locations":[{"start":{"line":40,"column":4},"end":{"line":47,"column":null}},{"start":{},"end":{}}],"line":40},"1":{"loc":{"start":{"line":65,"column":4},"end":{"line":68,"column":null}},"type":"if","locations":[{"start":{"line":65,"column":4},"end":{"line":68,"column":null}},{"start":{},"end":{}}],"line":65},"2":{"loc":{"start":{"line":79,"column":6},"end":{"line":80,"column":null}},"type":"if","locations":[{"start":{"line":79,"column":6},"end":{"line":80,"column":null}},{"start":{},"end":{}}],"line":79},"3":{"loc":{"start":{"line":95,"column":2},"end":{"line":98,"column":null}},"type":"if","locations":[{"start":{"line":95,"column":2},"end":{"line":98,"column":null}},{"start":{},"end":{}}],"line":95}},"s":{"0":1,"1":4,"2":4,"3":4,"4":4,"5":3,"6":3,"7":1,"8":1,"9":3,"10":2,"11":2,"12":1,"13":3,"14":5,"15":5,"16":5,"17":5,"18":1,"19":4,"20":3,"21":3,"22":3,"23":3,"24":3,"25":2,"26":1,"27":3,"28":2,"29":2,"30":1,"31":1,"32":1,"33":1,"34":3,"35":3,"36":1,"37":1,"38":1,"39":2,"40":2,"41":1,"42":1},"f":{"0":4,"1":5,"2":2,"3":3},"b":{"0":[2,1],"1":[1,4],"2":[2,1],"3":[1,1]},"meta":{"lastBranch":4,"lastFunction":4,"lastStatement":43,"seen":{"s:1:27:1:Infinity":0,"f:19:22:19:Infinity":0,"s:26:14:26:26":1,"s:28:20:28:Infinity":2,"s:30:2:50:Infinity":3,"s:31:17:31:92":4,"s:32:4:32:Infinity":5,"s:34:4:34:Infinity":6,"s:36:4:36:Infinity":7,"s:38:4:38:Infinity":8,"b:40:4:47:Infinity:undefined:undefined:undefined:undefined":0,"s:40:4:47:Infinity":9,"s:41:6:47:Infinity":10,"s:42:8:42:Infinity":11,"s:44:8:47:Infinity":12,"s:50:4:50:Infinity":13,"f:54:22:54:Infinity":1,"s:60:22:60:Infinity":14,"s:62:2:88:Infinity":15,"s:63:17:63:47":16,"b:65:4:68:Infinity:undefined:undefined:undefined:undefined":1,"s:65:4:68:Infinity":17,"s:66:6:68:Infinity":18,"s:71:21:71:45":19,"s:72:4:72:Infinity":20,"s:74:4:74:Infinity":21,"s:76:4:76:Infinity":22,"s:78:4:86:Infinity":23,"b:79:6:80:Infinity:undefined:undefined:undefined:undefined":2,"s:79:6:80:Infinity":24,"s:80:8:80:Infinity":25,"s:83:6:86:Infinity":26,"s:88:4:88:Infinity":27,"f:92:22:92:34":2,"s:93:23:93:53":28,"b:95:2:98:Infinity:undefined:undefined:undefined:undefined":3,"s:95:2:98:Infinity":29,"s:96:4:98:Infinity":30,"s:101:22:101:59":31,"s:102:24:102:63":32,"s:104:2:104:Infinity":33,"f:107:22:107:Infinity":3,"s:115:2:130:Infinity":34,"s:116:24:116:79":35,"s:117:26:117:70":36,"s:119:4:119:Infinity":37,"s:121:4:121:Infinity":38,"s:123:4:130:Infinity":39,"s:124:6:124:Infinity":40,"s:126:6:129:Infinity":41,"s:130:6:130:Infinity":42}}}
}
