{"C:\\Users\\FlowUP\\Desktop\\Dev\\brainleaf\\frontend\\src\\hooks\\useAuth.ts": {"path":"C:\\Users\\FlowUP\\Desktop\\Dev\\brainleaf\\frontend\\src\\hooks\\useAuth.ts","statementMap":{"0":{"start":{"line":22,"column":8},"end":{"line":22,"column":32}},"1":{"start":{"line":24,"column":10},"end":{"line":24,"column":35}},"2":{"start":{"line":26,"column":28},"end":{"line":26,"column":51}},"3":{"start":{"line":28,"column":14},"end":{"line":28,"column":65}},"4":{"start":{"line":30,"column":18},"end":{"line":30,"column":44}},"5":{"start":{"line":31,"column":21},"end":{"line":31,"column":50}},"6":{"start":{"line":33,"column":20},"end":{"line":33,"column":48}},"7":{"start":{"line":34,"column":17},"end":{"line":34,"column":42}},"8":{"start":{"line":35,"column":20},"end":{"line":35,"column":48}},"9":{"start":{"line":36,"column":27},"end":{"line":36,"column":62}},"10":{"start":{"line":38,"column":20},"end":{"line":38,"column":65}},"11":{"start":{"line":40,"column":8},"end":{"line":77,"column":4}},"12":{"start":{"line":42,"column":23},"end":{"line":45,"column":null}},"13":{"start":{"line":47,"column":21},"end":{"line":47,"column":53}},"14":{"start":{"line":49,"column":6},"end":{"line":51,"column":null}},"15":{"start":{"line":50,"column":27},"end":{"line":50,"column":null}},"16":{"start":{"line":51,"column":8},"end":{"line":51,"column":null}},"17":{"start":{"line":54,"column":6},"end":{"line":54,"column":null}},"18":{"start":{"line":57,"column":6},"end":{"line":68,"column":null}},"19":{"start":{"line":70,"column":6},"end":{"line":70,"column":null}},"20":{"start":{"line":71,"column":6},"end":{"line":71,"column":null}},"21":{"start":{"line":74,"column":6},"end":{"line":74,"column":null}},"22":{"start":{"line":75,"column":6},"end":{"line":75,"column":null}},"23":{"start":{"line":79,"column":8},"end":{"line":128,"column":4}},"24":{"start":{"line":91,"column":23},"end":{"line":96,"column":null}},"25":{"start":{"line":98,"column":21},"end":{"line":98,"column":55}},"26":{"start":{"line":100,"column":6},"end":{"line":102,"column":null}},"27":{"start":{"line":101,"column":27},"end":{"line":101,"column":null}},"28":{"start":{"line":102,"column":8},"end":{"line":102,"column":null}},"29":{"start":{"line":105,"column":6},"end":{"line":105,"column":null}},"30":{"start":{"line":108,"column":6},"end":{"line":119,"column":null}},"31":{"start":{"line":121,"column":6},"end":{"line":121,"column":null}},"32":{"start":{"line":122,"column":6},"end":{"line":122,"column":null}},"33":{"start":{"line":125,"column":6},"end":{"line":125,"column":null}},"34":{"start":{"line":126,"column":6},"end":{"line":126,"column":null}},"35":{"start":{"line":131,"column":4},"end":{"line":131,"column":null}},"36":{"start":{"line":132,"column":4},"end":{"line":132,"column":null}},"37":{"start":{"line":134,"column":4},"end":{"line":137,"column":null}},"38":{"start":{"line":141,"column":4},"end":{"line":141,"column":null}},"39":{"start":{"line":142,"column":4},"end":{"line":142,"column":null}},"40":{"start":{"line":144,"column":4},"end":{"line":149,"column":null}},"41":{"start":{"line":152,"column":2},"end":{"line":172,"column":null}},"42":{"start":{"line":153,"column":4},"end":{"line":168,"column":null}},"43":{"start":{"line":154,"column":6},"end":{"line":166,"column":null}},"44":{"start":{"line":168,"column":6},"end":{"line":168,"column":null}},"45":{"start":{"line":171,"column":4},"end":{"line":171,"column":null}},"46":{"start":{"line":174,"column":2},"end":{"line":195,"column":null}}},"fnMap":{"0":{"name":"useAuth","decl":{"start":{"line":21,"column":16},"end":{"line":21,"column":26}},"loc":{"start":{"line":21,"column":26},"end":{"line":195,"column":null}},"line":21},"1":{"name":"(anonymous_1)","decl":{"start":{"line":41,"column":16},"end":{"line":41,"column":23}},"loc":{"start":{"line":41,"column":84},"end":{"line":54,"column":null}},"line":41},"2":{"name":"(anonymous_2)","decl":{"start":{"line":56,"column":4},"end":{"line":56,"column":16}},"loc":{"start":{"line":56,"column":25},"end":{"line":71,"column":null}},"line":56},"3":{"name":"(anonymous_3)","decl":{"start":{"line":73,"column":4},"end":{"line":73,"column":14}},"loc":{"start":{"line":73,"column":24},"end":{"line":75,"column":null}},"line":73},"4":{"name":"(anonymous_4)","decl":{"start":{"line":80,"column":16},"end":{"line":80,"column":23}},"loc":{"start":{"line":90,"column":10},"end":{"line":105,"column":null}},"line":90},"5":{"name":"(anonymous_5)","decl":{"start":{"line":107,"column":4},"end":{"line":107,"column":16}},"loc":{"start":{"line":107,"column":25},"end":{"line":122,"column":null}},"line":107},"6":{"name":"(anonymous_6)","decl":{"start":{"line":124,"column":4},"end":{"line":124,"column":14}},"loc":{"start":{"line":124,"column":24},"end":{"line":126,"column":null}},"line":124},"7":{"name":"signIn","decl":{"start":{"line":130,"column":17},"end":{"line":130,"column":24}},"loc":{"start":{"line":130,"column":66},"end":{"line":137,"column":null}},"line":130},"8":{"name":"register","decl":{"start":{"line":140,"column":17},"end":{"line":140,"column":26}},"loc":{"start":{"line":140,"column":68},"end":{"line":149,"column":null}},"line":140},"9":{"name":"(anonymous_9)","decl":{"start":{"line":152,"column":2},"end":{"line":152,"column":18}},"loc":{"start":{"line":152,"column":18},"end":{"line":172,"column":6}},"line":152}},"branchMap":{"0":{"loc":{"start":{"line":49,"column":6},"end":{"line":51,"column":null}},"type":"if","locations":[{"start":{"line":49,"column":6},"end":{"line":51,"column":null}},{"start":{},"end":{}}],"line":49},"1":{"loc":{"start":{"line":51,"column":24},"end":{"line":51,"column":70}},"type":"binary-expr","locations":[{"start":{"line":51,"column":24},"end":{"line":51,"column":47}},{"start":{"line":51,"column":47},"end":{"line":51,"column":70}}],"line":51},"2":{"loc":{"start":{"line":75,"column":19},"end":{"line":75,"column":90}},"type":"cond-expr","locations":[{"start":{"line":75,"column":44},"end":{"line":75,"column":60}},{"start":{"line":75,"column":60},"end":{"line":75,"column":90}}],"line":75},"3":{"loc":{"start":{"line":100,"column":6},"end":{"line":102,"column":null}},"type":"if","locations":[{"start":{"line":100,"column":6},"end":{"line":102,"column":null}},{"start":{},"end":{}}],"line":100},"4":{"loc":{"start":{"line":102,"column":24},"end":{"line":102,"column":70}},"type":"binary-expr","locations":[{"start":{"line":102,"column":24},"end":{"line":102,"column":47}},{"start":{"line":102,"column":47},"end":{"line":102,"column":70}}],"line":102},"5":{"loc":{"start":{"line":126,"column":19},"end":{"line":126,"column":88}},"type":"cond-expr","locations":[{"start":{"line":126,"column":44},"end":{"line":126,"column":60}},{"start":{"line":126,"column":60},"end":{"line":126,"column":88}}],"line":126},"6":{"loc":{"start":{"line":153,"column":4},"end":{"line":168,"column":null}},"type":"if","locations":[{"start":{"line":153,"column":4},"end":{"line":168,"column":null}},{"start":{},"end":{}}],"line":153},"7":{"loc":{"start":{"line":189,"column":13},"end":{"line":189,"column":null}},"type":"binary-expr","locations":[{"start":{"line":189,"column":13},"end":{"line":189,"column":41}},{"start":{"line":189,"column":41},"end":{"line":189,"column":null}}],"line":189}},"s":{"0":17,"1":17,"2":17,"3":17,"4":17,"5":17,"6":17,"7":17,"8":17,"9":17,"10":17,"11":17,"12":2,"13":2,"14":2,"15":1,"16":1,"17":1,"18":1,"19":1,"20":1,"21":1,"22":1,"23":17,"24":2,"25":2,"26":2,"27":0,"28":0,"29":2,"30":1,"31":1,"32":1,"33":1,"34":1,"35":2,"36":2,"37":2,"38":2,"39":2,"40":2,"41":17,"42":8,"43":1,"44":1,"45":8,"46":17},"f":{"0":17,"1":2,"2":1,"3":1,"4":2,"5":1,"6":1,"7":2,"8":2,"9":8},"b":{"0":[1,1],"1":[1,0],"2":[1,0],"3":[0,2],"4":[0,0],"5":[1,0],"6":[1,7],"7":[17,17]},"meta":{"lastBranch":8,"lastFunction":10,"lastStatement":47,"seen":{"f:21:16:21:26":0,"s:22:8:22:32":0,"s:24:10:24:35":1,"s:26:28:26:51":2,"s:28:14:28:65":3,"s:30:18:30:44":4,"s:31:21:31:50":5,"s:33:20:33:48":6,"s:34:17:34:42":7,"s:35:20:35:48":8,"s:36:27:36:62":9,"s:38:20:38:65":10,"s:40:8:77:4":11,"f:41:16:41:23":1,"s:42:23:45:Infinity":12,"s:47:21:47:53":13,"b:49:6:51:Infinity:undefined:undefined:undefined:undefined":0,"s:49:6:51:Infinity":14,"s:50:27:50:Infinity":15,"s:51:8:51:Infinity":16,"b:51:24:51:47:51:47:51:70":1,"s:54:6:54:Infinity":17,"f:56:4:56:16":2,"s:57:6:68:Infinity":18,"s:70:6:70:Infinity":19,"s:71:6:71:Infinity":20,"f:73:4:73:14":3,"s:74:6:74:Infinity":21,"s:75:6:75:Infinity":22,"b:75:44:75:60:75:60:75:90":2,"s:79:8:128:4":23,"f:80:16:80:23":4,"s:91:23:96:Infinity":24,"s:98:21:98:55":25,"b:100:6:102:Infinity:undefined:undefined:undefined:undefined":3,"s:100:6:102:Infinity":26,"s:101:27:101:Infinity":27,"s:102:8:102:Infinity":28,"b:102:24:102:47:102:47:102:70":4,"s:105:6:105:Infinity":29,"f:107:4:107:16":5,"s:108:6:119:Infinity":30,"s:121:6:121:Infinity":31,"s:122:6:122:Infinity":32,"f:124:4:124:14":6,"s:125:6:125:Infinity":33,"s:126:6:126:Infinity":34,"b:126:44:126:60:126:60:126:88":5,"f:130:17:130:24":7,"s:131:4:131:Infinity":35,"s:132:4:132:Infinity":36,"s:134:4:137:Infinity":37,"f:140:17:140:26":8,"s:141:4:141:Infinity":38,"s:142:4:142:Infinity":39,"s:144:4:149:Infinity":40,"s:152:2:172:Infinity":41,"f:152:2:152:18":9,"b:153:4:168:Infinity:undefined:undefined:undefined:undefined":6,"s:153:4:168:Infinity":42,"s:154:6:166:Infinity":43,"s:168:6:168:Infinity":44,"s:171:4:171:Infinity":45,"s:174:2:195:Infinity":46,"b:189:13:189:41:189:41:189:Infinity":7}}}
,"C:\\Users\\FlowUP\\Desktop\\Dev\\brainleaf\\frontend\\src\\hooks\\useDashboard.ts": {"path":"C:\\Users\\FlowUP\\Desktop\\Dev\\brainleaf\\frontend\\src\\hooks\\useDashboard.ts","statementMap":{"0":{"start":{"line":16,"column":8},"end":{"line":16,"column":32}},"1":{"start":{"line":17,"column":8},"end":{"line":17,"column":38}},"2":{"start":{"line":19,"column":23},"end":{"line":19,"column":59}},"3":{"start":{"line":21,"column":15},"end":{"line":21,"column":53}},"4":{"start":{"line":22,"column":19},"end":{"line":22,"column":46}},"5":{"start":{"line":23,"column":20},"end":{"line":23,"column":65}},"6":{"start":{"line":25,"column":28},"end":{"line":25,"column":null}},"7":{"start":{"line":27,"column":18},"end":{"line":27,"column":57}},"8":{"start":{"line":28,"column":22},"end":{"line":28,"column":null}},"9":{"start":{"line":30,"column":8},"end":{"line":31,"column":null}},"10":{"start":{"line":31,"column":4},"end":{"line":31,"column":null}},"11":{"start":{"line":34,"column":8},"end":{"line":41,"column":4}},"12":{"start":{"line":37,"column":21},"end":{"line":37,"column":null}},"13":{"start":{"line":38,"column":6},"end":{"line":38,"column":null}},"14":{"start":{"line":40,"column":39},"end":{"line":40,"column":null}},"15":{"start":{"line":43,"column":8},"end":{"line":48,"column":4}},"16":{"start":{"line":46,"column":6},"end":{"line":46,"column":null}},"17":{"start":{"line":50,"column":8},"end":{"line":83,"column":4}},"18":{"start":{"line":52,"column":23},"end":{"line":55,"column":null}},"19":{"start":{"line":57,"column":21},"end":{"line":57,"column":57}},"20":{"start":{"line":59,"column":6},"end":{"line":61,"column":null}},"21":{"start":{"line":60,"column":27},"end":{"line":60,"column":null}},"22":{"start":{"line":61,"column":8},"end":{"line":61,"column":null}},"23":{"start":{"line":64,"column":27},"end":{"line":64,"column":41}},"24":{"start":{"line":65,"column":6},"end":{"line":65,"column":null}},"25":{"start":{"line":67,"column":6},"end":{"line":67,"column":null}},"26":{"start":{"line":70,"column":6},"end":{"line":70,"column":null}},"27":{"start":{"line":71,"column":6},"end":{"line":71,"column":null}},"28":{"start":{"line":72,"column":6},"end":{"line":72,"column":null}},"29":{"start":{"line":74,"column":6},"end":{"line":74,"column":null}},"30":{"start":{"line":75,"column":6},"end":{"line":75,"column":null}},"31":{"start":{"line":77,"column":6},"end":{"line":77,"column":null}},"32":{"start":{"line":80,"column":6},"end":{"line":80,"column":null}},"33":{"start":{"line":81,"column":6},"end":{"line":81,"column":null}},"34":{"start":{"line":85,"column":8},"end":{"line":97,"column":4}},"35":{"start":{"line":87,"column":6},"end":{"line":87,"column":null}},"36":{"start":{"line":90,"column":6},"end":{"line":90,"column":null}},"37":{"start":{"line":91,"column":6},"end":{"line":91,"column":null}},"38":{"start":{"line":94,"column":6},"end":{"line":94,"column":null}},"39":{"start":{"line":95,"column":6},"end":{"line":95,"column":null}},"40":{"start":{"line":99,"column":21},"end":{"line":101,"column":null}},"41":{"start":{"line":100,"column":4},"end":{"line":100,"column":null}},"42":{"start":{"line":101,"column":4},"end":{"line":101,"column":null}},"43":{"start":{"line":104,"column":21},"end":{"line":106,"column":null}},"44":{"start":{"line":105,"column":4},"end":{"line":105,"column":null}},"45":{"start":{"line":106,"column":4},"end":{"line":106,"column":null}},"46":{"start":{"line":109,"column":8},"end":{"line":110,"column":null}},"47":{"start":{"line":110,"column":4},"end":{"line":110,"column":null}},"48":{"start":{"line":113,"column":28},"end":{"line":113,"column":56}},"49":{"start":{"line":114,"column":21},"end":{"line":114,"column":null}},"50":{"start":{"line":115,"column":21},"end":{"line":115,"column":null}},"51":{"start":{"line":117,"column":2},"end":{"line":138,"column":null}}},"fnMap":{"0":{"name":"useDashboard","decl":{"start":{"line":15,"column":16},"end":{"line":15,"column":31}},"loc":{"start":{"line":15,"column":31},"end":{"line":138,"column":null}},"line":15},"1":{"name":"(anonymous_1)","decl":{"start":{"line":30,"column":8},"end":{"line":30,"column":26}},"loc":{"start":{"line":30,"column":43},"end":{"line":31,"column":null}},"line":30},"2":{"name":"(anonymous_2)","decl":{"start":{"line":36,"column":13},"end":{"line":36,"column":25}},"loc":{"start":{"line":36,"column":25},"end":{"line":38,"column":null}},"line":36},"3":{"name":"(anonymous_3)","decl":{"start":{"line":40,"column":4},"end":{"line":40,"column":22}},"loc":{"start":{"line":40,"column":39},"end":{"line":40,"column":null}},"line":40},"4":{"name":"(anonymous_4)","decl":{"start":{"line":45,"column":13},"end":{"line":45,"column":25}},"loc":{"start":{"line":45,"column":25},"end":{"line":46,"column":null}},"line":45},"5":{"name":"(anonymous_5)","decl":{"start":{"line":51,"column":16},"end":{"line":51,"column":23}},"loc":{"start":{"line":51,"column":46},"end":{"line":67,"column":null}},"line":51},"6":{"name":"(anonymous_6)","decl":{"start":{"line":69,"column":4},"end":{"line":69,"column":16}},"loc":{"start":{"line":69,"column":25},"end":{"line":77,"column":null}},"line":69},"7":{"name":"(anonymous_7)","decl":{"start":{"line":79,"column":4},"end":{"line":79,"column":14}},"loc":{"start":{"line":79,"column":24},"end":{"line":81,"column":null}},"line":79},"8":{"name":"(anonymous_8)","decl":{"start":{"line":86,"column":16},"end":{"line":86,"column":23}},"loc":{"start":{"line":86,"column":43},"end":{"line":87,"column":null}},"line":86},"9":{"name":"(anonymous_9)","decl":{"start":{"line":89,"column":15},"end":{"line":89,"column":27}},"loc":{"start":{"line":89,"column":27},"end":{"line":91,"column":null}},"line":89},"10":{"name":"(anonymous_10)","decl":{"start":{"line":93,"column":4},"end":{"line":93,"column":14}},"loc":{"start":{"line":93,"column":24},"end":{"line":95,"column":null}},"line":93},"11":{"name":"(anonymous_11)","decl":{"start":{"line":99,"column":21},"end":{"line":99,"column":28}},"loc":{"start":{"line":99,"column":51},"end":{"line":101,"column":null}},"line":99},"12":{"name":"(anonymous_12)","decl":{"start":{"line":104,"column":21},"end":{"line":104,"column":28}},"loc":{"start":{"line":104,"column":48},"end":{"line":106,"column":null}},"line":104},"13":{"name":"(anonymous_13)","decl":{"start":{"line":109,"column":8},"end":{"line":109,"column":26}},"loc":{"start":{"line":109,"column":46},"end":{"line":110,"column":null}},"line":109}},"branchMap":{"0":{"loc":{"start":{"line":27,"column":25},"end":{"line":27,"column":57}},"type":"binary-expr","locations":[{"start":{"line":27,"column":25},"end":{"line":27,"column":49}},{"start":{"line":27,"column":53},"end":{"line":27,"column":57}}],"line":27},"1":{"loc":{"start":{"line":28,"column":22},"end":{"line":28,"column":null}},"type":"cond-expr","locations":[{"start":{"line":28,"column":61},"end":{"line":28,"column":65}},{"start":{"line":28,"column":65},"end":{"line":28,"column":null}}],"line":28},"2":{"loc":{"start":{"line":28,"column":22},"end":{"line":28,"column":61}},"type":"binary-expr","locations":[{"start":{"line":28,"column":22},"end":{"line":28,"column":43}},{"start":{"line":28,"column":47},"end":{"line":28,"column":61}}],"line":28},"3":{"loc":{"start":{"line":59,"column":6},"end":{"line":61,"column":null}},"type":"if","locations":[{"start":{"line":59,"column":6},"end":{"line":61,"column":null}},{"start":{},"end":{}}],"line":59},"4":{"loc":{"start":{"line":61,"column":24},"end":{"line":61,"column":70}},"type":"binary-expr","locations":[{"start":{"line":61,"column":24},"end":{"line":61,"column":47}},{"start":{"line":61,"column":47},"end":{"line":61,"column":70}}],"line":61},"5":{"loc":{"start":{"line":81,"column":19},"end":{"line":81,"column":81}},"type":"cond-expr","locations":[{"start":{"line":81,"column":44},"end":{"line":81,"column":60}},{"start":{"line":81,"column":60},"end":{"line":81,"column":81}}],"line":81},"6":{"loc":{"start":{"line":113,"column":28},"end":{"line":113,"column":56}},"type":"binary-expr","locations":[{"start":{"line":113,"column":28},"end":{"line":113,"column":54}},{"start":{"line":113,"column":54},"end":{"line":113,"column":56}}],"line":113},"7":{"loc":{"start":{"line":114,"column":21},"end":{"line":114,"column":null}},"type":"binary-expr","locations":[{"start":{"line":114,"column":21},"end":{"line":114,"column":53}},{"start":{"line":114,"column":53},"end":{"line":114,"column":null}}],"line":114},"8":{"loc":{"start":{"line":115,"column":21},"end":{"line":115,"column":null}},"type":"cond-expr","locations":[{"start":{"line":115,"column":38},"end":{"line":115,"column":93}},{"start":{"line":115,"column":93},"end":{"line":115,"column":null}}],"line":115},"9":{"loc":{"start":{"line":126,"column":6},"end":{"line":129,"column":null}},"type":"binary-expr","locations":[{"start":{"line":126,"column":6},"end":{"line":126,"column":null}},{"start":{"line":127,"column":6},"end":{"line":127,"column":null}},{"start":{"line":128,"column":6},"end":{"line":128,"column":null}},{"start":{"line":129,"column":6},"end":{"line":129,"column":null}}],"line":126},"10":{"loc":{"start":{"line":131,"column":6},"end":{"line":133,"column":null}},"type":"binary-expr","locations":[{"start":{"line":131,"column":6},"end":{"line":131,"column":null}},{"start":{"line":132,"column":7},"end":{"line":132,"column":null}},{"start":{"line":133,"column":7},"end":{"line":133,"column":null}}],"line":131},"11":{"loc":{"start":{"line":133,"column":7},"end":{"line":133,"column":null}},"type":"cond-expr","locations":[{"start":{"line":133,"column":28},"end":{"line":133,"column":79}},{"start":{"line":133,"column":79},"end":{"line":133,"column":null}}],"line":133}},"s":{"0":13,"1":13,"2":13,"3":13,"4":13,"5":13,"6":13,"7":13,"8":13,"9":13,"10":1,"11":13,"12":9,"13":9,"14":35,"15":13,"16":8,"17":13,"18":2,"19":2,"20":2,"21":1,"22":1,"23":1,"24":1,"25":1,"26":1,"27":1,"28":1,"29":1,"30":1,"31":1,"32":1,"33":1,"34":13,"35":2,"36":1,"37":1,"38":1,"39":1,"40":13,"41":2,"42":2,"43":13,"44":2,"45":2,"46":13,"47":1,"48":13,"49":13,"50":13,"51":13},"f":{"0":13,"1":1,"2":9,"3":35,"4":8,"5":2,"6":1,"7":1,"8":2,"9":1,"10":1,"11":2,"12":2,"13":1},"b":{"0":[13,0],"1":[0,13],"2":[13,13],"3":[1,1],"4":[1,0],"5":[1,0],"6":[13,8],"7":[13,13],"8":[0,13],"9":[13,5,5,5],"10":[13,11,11],"11":[0,11]},"meta":{"lastBranch":12,"lastFunction":14,"lastStatement":52,"seen":{"f:15:16:15:31":0,"s:16:8:16:32":0,"s:17:8:17:38":1,"s:19:23:19:59":2,"s:21:15:21:53":3,"s:22:19:22:46":4,"s:23:20:23:65":5,"s:25:28:25:Infinity":6,"s:27:18:27:57":7,"b:27:25:27:49:27:53:27:57":0,"s:28:22:28:Infinity":8,"b:28:61:28:65:28:65:28:Infinity":1,"b:28:22:28:43:28:47:28:61":2,"s:30:8:31:Infinity":9,"f:30:8:30:26":1,"s:31:4:31:Infinity":10,"s:34:8:41:4":11,"f:36:13:36:25":2,"s:37:21:37:Infinity":12,"s:38:6:38:Infinity":13,"f:40:4:40:22":3,"s:40:39:40:Infinity":14,"s:43:8:48:4":15,"f:45:13:45:25":4,"s:46:6:46:Infinity":16,"s:50:8:83:4":17,"f:51:16:51:23":5,"s:52:23:55:Infinity":18,"s:57:21:57:57":19,"b:59:6:61:Infinity:undefined:undefined:undefined:undefined":3,"s:59:6:61:Infinity":20,"s:60:27:60:Infinity":21,"s:61:8:61:Infinity":22,"b:61:24:61:47:61:47:61:70":4,"s:64:27:64:41":23,"s:65:6:65:Infinity":24,"s:67:6:67:Infinity":25,"f:69:4:69:16":6,"s:70:6:70:Infinity":26,"s:71:6:71:Infinity":27,"s:72:6:72:Infinity":28,"s:74:6:74:Infinity":29,"s:75:6:75:Infinity":30,"s:77:6:77:Infinity":31,"f:79:4:79:14":7,"s:80:6:80:Infinity":32,"s:81:6:81:Infinity":33,"b:81:44:81:60:81:60:81:81":5,"s:85:8:97:4":34,"f:86:16:86:23":8,"s:87:6:87:Infinity":35,"f:89:15:89:27":9,"s:90:6:90:Infinity":36,"s:91:6:91:Infinity":37,"f:93:4:93:14":10,"s:94:6:94:Infinity":38,"s:95:6:95:Infinity":39,"s:99:21:101:Infinity":40,"f:99:21:99:28":11,"s:100:4:100:Infinity":41,"s:101:4:101:Infinity":42,"s:104:21:106:Infinity":43,"f:104:21:104:28":12,"s:105:4:105:Infinity":44,"s:106:4:106:Infinity":45,"s:109:8:110:Infinity":46,"f:109:8:109:26":13,"s:110:4:110:Infinity":47,"s:113:28:113:56":48,"b:113:28:113:54:113:54:113:56":6,"s:114:21:114:Infinity":49,"b:114:21:114:53:114:53:114:Infinity":7,"s:115:21:115:Infinity":50,"b:115:38:115:93:115:93:115:Infinity":8,"s:117:2:138:Infinity":51,"b:126:6:126:Infinity:127:6:127:Infinity:128:6:128:Infinity:129:6:129:Infinity":9,"b:131:6:131:Infinity:132:7:132:Infinity:133:7:133:Infinity":10,"b:133:28:133:79:133:79:133:Infinity":11}}}
,"C:\\Users\\FlowUP\\Desktop\\Dev\\brainleaf\\frontend\\src\\hooks\\useFile.ts": {"path":"C:\\Users\\FlowUP\\Desktop\\Dev\\brainleaf\\frontend\\src\\hooks\\useFile.ts","statementMap":{"0":{"start":{"line":35,"column":20},"end":{"line":35,"column":65}},"1":{"start":{"line":37,"column":8},"end":{"line":47,"column":4}},"2":{"start":{"line":40,"column":19},"end":{"line":40,"column":51}},"3":{"start":{"line":41,"column":6},"end":{"line":41,"column":null}},"4":{"start":{"line":44,"column":21},"end":{"line":44,"column":null}},"5":{"start":{"line":45,"column":6},"end":{"line":45,"column":null}},"6":{"start":{"line":49,"column":25},"end":{"line":49,"column":null}},"7":{"start":{"line":51,"column":2},"end":{"line":56,"column":null}}},"fnMap":{"0":{"name":"useFile","decl":{"start":{"line":34,"column":16},"end":{"line":34,"column":24}},"loc":{"start":{"line":34,"column":41},"end":{"line":56,"column":null}},"line":34},"1":{"name":"(anonymous_1)","decl":{"start":{"line":39,"column":13},"end":{"line":39,"column":25}},"loc":{"start":{"line":39,"column":25},"end":{"line":41,"column":null}},"line":39},"2":{"name":"(anonymous_2)","decl":{"start":{"line":43,"column":4},"end":{"line":43,"column":22}},"loc":{"start":{"line":43,"column":32},"end":{"line":45,"column":null}},"line":43}},"branchMap":{"0":{"loc":{"start":{"line":45,"column":13},"end":{"line":45,"column":null}},"type":"cond-expr","locations":[{"start":{"line":45,"column":50},"end":{"line":45,"column":57}},{"start":{"line":45,"column":57},"end":{"line":45,"column":null}}],"line":45},"1":{"loc":{"start":{"line":45,"column":13},"end":{"line":45,"column":50}},"type":"binary-expr","locations":[{"start":{"line":45,"column":13},"end":{"line":45,"column":40}},{"start":{"line":45,"column":40},"end":{"line":45,"column":50}}],"line":45},"2":{"loc":{"start":{"line":49,"column":25},"end":{"line":49,"column":null}},"type":"binary-expr","locations":[{"start":{"line":49,"column":25},"end":{"line":49,"column":50}},{"start":{"line":49,"column":50},"end":{"line":49,"column":null}}],"line":49},"3":{"loc":{"start":{"line":54,"column":11},"end":{"line":54,"column":null}},"type":"binary-expr","locations":[{"start":{"line":54,"column":11},"end":{"line":54,"column":25}},{"start":{"line":54,"column":25},"end":{"line":54,"column":null}}],"line":54},"4":{"loc":{"start":{"line":54,"column":25},"end":{"line":54,"column":null}},"type":"cond-expr","locations":[{"start":{"line":54,"column":52},"end":{"line":54,"column":92}},{"start":{"line":54,"column":92},"end":{"line":54,"column":null}}],"line":54}},"s":{"0":7,"1":7,"2":3,"3":2,"4":19,"5":19,"6":7,"7":7},"f":{"0":7,"1":3,"2":19},"b":{"0":[14,5],"1":[19,19],"2":[7,4],"3":[7,6],"4":[1,5]},"meta":{"lastBranch":5,"lastFunction":3,"lastStatement":8,"seen":{"f:34:16:34:24":0,"s:35:20:35:65":0,"s:37:8:47:4":1,"f:39:13:39:25":1,"s:40:19:40:51":2,"s:41:6:41:Infinity":3,"f:43:4:43:22":2,"s:44:21:44:Infinity":4,"s:45:6:45:Infinity":5,"b:45:50:45:57:45:57:45:Infinity":0,"b:45:13:45:40:45:40:45:50":1,"s:49:25:49:Infinity":6,"b:49:25:49:50:49:50:49:Infinity":2,"s:51:2:56:Infinity":7,"b:54:11:54:25:54:25:54:Infinity":3,"b:54:52:54:92:54:92:54:Infinity":4}}}
,"C:\\Users\\FlowUP\\Desktop\\Dev\\brainleaf\\frontend\\src\\hooks\\usePageHeader.ts": {"path":"C:\\Users\\FlowUP\\Desktop\\Dev\\brainleaf\\frontend\\src\\hooks\\usePageHeader.ts","statementMap":{"0":{"start":{"line":5,"column":8},"end":{"line":5,"column":32}},"1":{"start":{"line":7,"column":18},"end":{"line":7,"column":71}},"2":{"start":{"line":9,"column":19},"end":{"line":9,"column":null}},"3":{"start":{"line":10,"column":16},"end":{"line":10,"column":null}},"4":{"start":{"line":13,"column":4},"end":{"line":20,"column":null}},"5":{"start":{"line":14,"column":6},"end":{"line":14,"column":null}},"6":{"start":{"line":15,"column":6},"end":{"line":15,"column":null}},"7":{"start":{"line":16,"column":6},"end":{"line":18,"column":null}},"8":{"start":{"line":17,"column":8},"end":{"line":17,"column":null}},"9":{"start":{"line":20,"column":6},"end":{"line":20,"column":null}},"10":{"start":{"line":24,"column":8},"end":{"line":26,"column":null}},"11":{"start":{"line":25,"column":4},"end":{"line":26,"column":null}},"12":{"start":{"line":26,"column":6},"end":{"line":26,"column":null}},"13":{"start":{"line":30,"column":2},"end":{"line":35,"column":null}}},"fnMap":{"0":{"name":"usePageHeader","decl":{"start":{"line":4,"column":16},"end":{"line":4,"column":32}},"loc":{"start":{"line":4,"column":32},"end":{"line":35,"column":null}},"line":4},"1":{"name":"logout","decl":{"start":{"line":12,"column":17},"end":{"line":12,"column":26}},"loc":{"start":{"line":12,"column":26},"end":{"line":20,"column":null}},"line":12},"2":{"name":"(anonymous_2)","decl":{"start":{"line":16,"column":6},"end":{"line":16,"column":23}},"loc":{"start":{"line":16,"column":23},"end":{"line":18,"column":13}},"line":16},"3":{"name":"(anonymous_3)","decl":{"start":{"line":24,"column":8},"end":{"line":24,"column":36}},"loc":{"start":{"line":24,"column":36},"end":{"line":26,"column":null}},"line":24}},"branchMap":{"0":{"loc":{"start":{"line":7,"column":29},"end":{"line":7,"column":71}},"type":"binary-expr","locations":[{"start":{"line":7,"column":29},"end":{"line":7,"column":60}},{"start":{"line":7,"column":64},"end":{"line":7,"column":71}}],"line":7},"1":{"loc":{"start":{"line":9,"column":19},"end":{"line":9,"column":null}},"type":"binary-expr","locations":[{"start":{"line":9,"column":19},"end":{"line":9,"column":42}},{"start":{"line":9,"column":42},"end":{"line":9,"column":null}}],"line":9},"2":{"loc":{"start":{"line":10,"column":16},"end":{"line":10,"column":null}},"type":"binary-expr","locations":[{"start":{"line":10,"column":16},"end":{"line":10,"column":45}},{"start":{"line":10,"column":49},"end":{"line":10,"column":null}}],"line":10},"3":{"loc":{"start":{"line":25,"column":4},"end":{"line":26,"column":null}},"type":"if","locations":[{"start":{"line":25,"column":4},"end":{"line":26,"column":null}},{"start":{},"end":{}}],"line":25}},"s":{"0":5,"1":5,"2":5,"3":5,"4":1,"5":1,"6":1,"7":1,"8":1,"9":0,"10":5,"11":2,"12":1,"13":5},"f":{"0":5,"1":1,"2":1,"3":2},"b":{"0":[5,2],"1":[5,2],"2":[5,4],"3":[1,1]},"meta":{"lastBranch":4,"lastFunction":4,"lastStatement":14,"seen":{"f:4:16:4:32":0,"s:5:8:5:32":0,"s:7:18:7:71":1,"b:7:29:7:60:7:64:7:71":0,"s:9:19:9:Infinity":2,"b:9:19:9:42:9:42:9:Infinity":1,"s:10:16:10:Infinity":3,"b:10:16:10:45:10:49:10:Infinity":2,"f:12:17:12:26":1,"s:13:4:20:Infinity":4,"s:14:6:14:Infinity":5,"s:15:6:15:Infinity":6,"s:16:6:18:Infinity":7,"f:16:6:16:23":2,"s:17:8:17:Infinity":8,"s:20:6:20:Infinity":9,"s:24:8:26:Infinity":10,"f:24:8:24:36":3,"b:25:4:26:Infinity:undefined:undefined:undefined:undefined":3,"s:25:4:26:Infinity":11,"s:26:6:26:Infinity":12,"s:30:2:35:Infinity":13}}}
,"C:\\Users\\FlowUP\\Desktop\\Dev\\brainleaf\\frontend\\src\\modules\\auth.schemas.ts": {"path":"C:\\Users\\FlowUP\\Desktop\\Dev\\brainleaf\\frontend\\src\\modules\\auth.schemas.ts","statementMap":{"0":{"start":{"line":3,"column":19},"end":{"line":8,"column":2}},"1":{"start":{"line":10,"column":28},"end":{"line":13,"column":2}},"2":{"start":{"line":15,"column":30},"end":{"line":23,"column":2}},"3":{"start":{"line":20,"column":20},"end":{"line":20,"column":60}}},"fnMap":{"0":{"name":"(anonymous_0)","decl":{"start":{"line":20,"column":3},"end":{"line":20,"column":11}},"loc":{"start":{"line":20,"column":20},"end":{"line":20,"column":60}},"line":20}},"branchMap":{},"s":{"0":2,"1":2,"2":2,"3":5},"f":{"0":5},"b":{},"meta":{"lastBranch":0,"lastFunction":1,"lastStatement":4,"seen":{"s:3:19:8:2":0,"s:10:28:13:2":1,"s:15:30:23:2":2,"f:20:3:20:11":0,"s:20:20:20:60":3}}}
,"C:\\Users\\FlowUP\\Desktop\\Dev\\brainleaf\\frontend\\src\\modules\\files.schemas.ts": {"path":"C:\\Users\\FlowUP\\Desktop\\Dev\\brainleaf\\frontend\\src\\modules\\files.schemas.ts","statementMap":{"0":{"start":{"line":3,"column":22},"end":{"line":3,"column":null}},"1":{"start":{"line":5,"column":20},"end":{"line":15,"column":2}},"2":{"start":{"line":17,"column":32},"end":{"line":20,"column":2}}},"fnMap":{},"branchMap":{},"s":{"0":2,"1":2,"2":2},"f":{},"b":{},"meta":{"lastBranch":0,"lastFunction":0,"lastStatement":3,"seen":{"s:3:22:3:Infinity":0,"s:5:20:15:2":1,"s:17:32:20:2":2}}}
}
